------------------------------------------
M.U.G.E.N ver 1.00 (2011.01.18) status log
------------------------------------------
Parsing command line...
Command line: C:\Users\davir\Documents\Programação\rebrot-fighter\mugen.exe
Parse command line OK
Initializing...
Allocating game variables
Reading configuration file...OK
Initializing timer...performance timer enabled...frequency 10000000...OK
Initializing keyboard...configuring...OK
Initializing input engine...OK
Initializing sound...Using SDL audio driver: dsound
Requesting mixer parameters (44100, 16, 2, 2048)...
Opened mixer with parameters (44100, 16, 2, 2048)...
OK
Initializing BGM...BGMThreadInit returned 0
OK
Initializing graphics...gameCoord 1280x720...render mode 0_0...trying 1280x720x16 mode 0x0...success...OK
Setting callbacks...OK
Initializing font...OK
Initializing game variables...OK
Loading system fonts...OK
Loading options...
Initializing pads...failed
Reinitializing input engine...OK
Remapping keys...OK
Reinitializing input engine...OK
Options loaded OK
Loading system...
  Load system file system.def...OK
  Load system spr...OK
  Load system snd...OK
  Load system fonts...OK
  Load system anim...OK
  Load [Title Info]...OK
  Load [Option Info]...OK
  Load [Select Info]...OK
  Load [VS Screen]...OK
  Load [Victory Screen]...OK
  Load [Demo Mode]...OK
  Load [Continue Screen]...OK
  Load [Game Over Screen]...OK
  Load [Win Screen]...OK
  Load [Survival Results Screen]...OK
  Load [Default Ending]...OK
  Load [End Credits]...OK
  Load TitleBG...VersusBG...VictoryBG...SelectBG...OptionBG...OK
  Loading fight data
    Opening fight data file data/mugen1/fight.def...OK
    Reading [Files]...OK
    Loading fonts...OK
    Load fight anim...OK
    Reading [Lifebar]...[Turns Lifebar]...[Simul Lifebar]...[Powerbar]...
    [Face]...[Simul Face]...[Turns Face]...
    [Name]...[Simul Name]...[Turns Name]...
    [Time]...[Combo]...[Round]...[WinIcon]...OK
    Allocating explods...OK
  Fight data loaded OK
System loaded OK
Initialize OK
Set up graphics...timer...OK
Initializing character info...OK
Initializing select screen...finding characters...OK

Entering main loop
Entering character select.
attempting load and start...no BGM...attempting load and start...no BGM...Loading character chars/mb2/mb2.def...
  Loading info...OK
  Loading cmd command set mb2.cmd...OK
  Loading cns mb2.cns...OK
  Loading cmd state entry mb2.cmd...OK
  Loading common states common1.cns...OK
  Unloading command names...OK
  Loading sff mb2.sff...OK
  Loading anim mb2.air...OK
  Loading snd mb2.snd...OK
  Loading pals...OK
  1580 expressions (681 on trigger lines)
Character mb2.def loaded OK
Loading character chars/ryuu/ryuu.def...
  Loading info...OK
  Loading cmd command set ryuu.cmd...OK
  Loading cns ryuu.cns...OK
  Loading cmd state entry ryuu.cmd...OK
  Loading common states common1.cns...OK
  Unloading command names...OK
  Loading sff ryuu.sff...OK
  Loading anim ryuu.air...OK
  Loading snd ryuu.snd...OK
  Loading pals...OK
  1837 expressions (746 on trigger lines)
Character ryuu.def loaded OK
attempting load and start...no BGM...Initializing stage...
  Loading BG...attempting load of sound/with a little help from my friends.mp3...hooking mixer callback...
success!
OK
  Allocating helpers...OK
Stage initialized OK
Start of game loop
prebuffering BGM...
End of game loop
Total time: 58.07s
Total frames: 3472 	Skipped frames: 1
Avg game rate: 59.79
Avg frame rate: 59.77

attempting load and start...no BGM...attempting load and start...no BGM...Initializing stage...
  Loading BG...attempting load of sound/sad brothers.mp3...success!
OK
  Allocating helpers...OK
Stage initialized OK
Start of game loop
prebuffering BGM...
End of game loop
Total time: 105.30s
Total frames: 6317 	Skipped frames: 574
Avg game rate: 59.99
Avg frame rate: 54.54

attempting load and start...no BGM...Entering character select.
attempting load and start...no BGM...Returned from main loop
Deinitializing...
Frames      : 9789
Time elapsed: 181.590 sec
ticks: 18159, tps: 100, start 308, end 18467

Clearing player cache...OK
Freeing character info...OK
Freeing select screen...OK
Freeing fight data...OK
Freeing system data...OK
Freeing game variables...OK
Deinitializing input...pad...keyboard...OK
Removing callbacks...OK
Deintializing timer...OK
Deinitializing graphics...OK
Deinitializing BGM...Cleaning up mixer callback...unhooking mixer callback...

Mixer callback was entered 3701 times
Mixer callback timing stats (last 3701 calls):
	26.000000 median, 29.320994 avg, 46.157899 sample std. dev.
Top 10 slowest times:	2764 (1), 161 (1), 96 (1), 94 (1), 88 (2), 87 (1), 84 (2), 83 (1), 82 (1), 81 (1)
Top 10 fastest times:	9 (1), 10 (4), 11 (7), 12 (3), 13 (14), 14 (13), 15 (19), 16 (33), 17 (63), 18 (112)
OK
Deinitializing sound...OK
Successful program termination.

Log file successfully closed.
